0 info it worked if it ends with ok
1 verbose cli [ 'C:\\Program Files\\nodejs\\node.exe',
1 verbose cli   'C:\\Users\\Kyle\\AppData\\Roaming\\npm\\node_modules\\npm\\bin\\npm-cli.js',
1 verbose cli   'start' ]
2 info using npm@4.0.2
3 info using node@v4.6.0
4 verbose run-script [ 'prestart', 'start', 'poststart' ]
5 info lifecycle stockapp@0.0.0~prestart: stockapp@0.0.0
6 silly lifecycle stockapp@0.0.0~prestart: no script for prestart, continuing
7 info lifecycle stockapp@0.0.0~start: stockapp@0.0.0
8 verbose lifecycle stockapp@0.0.0~start: unsafe-perm in lifecycle true
9 verbose lifecycle stockapp@0.0.0~start: PATH: C:\Users\Kyle\AppData\Roaming\npm\node_modules\npm\bin\node-gyp-bin;c:\Users\Kyle\Documents\GitHub\stockApp\node_modules\.bin;C:\Program Files\MongoDB\Server\3.2\bin; C:\Windows\system32;C:\Windows;C:\Windows\System32\Wbem;C:\Program Files\nodejs;C:\Program Files (x86)\Heroku\bin;C:\Program Files (x86)\git\cmd;C:\Program Files (x86)\Git\cmd;C:\Users\Kyle\AppData\Roaming\npm;C:\Program Files\nodejs\node_modules\npm\bin;C:\Users\Kyle\AppData\Roaming\npm\node_modules;C:\Users\Kyle\AppData\Local\atom\bin
10 verbose lifecycle stockapp@0.0.0~start: CWD: c:\Users\Kyle\Documents\GitHub\stockApp
11 silly lifecycle stockapp@0.0.0~start: Args: [ '/d /s /c', 'node ./bin/www' ]
12 silly lifecycle stockapp@0.0.0~start: Returned: code: 1  signal: null
13 info lifecycle stockapp@0.0.0~start: Failed to exec start script
14 verbose stack Error: stockapp@0.0.0 start: `node ./bin/www`
14 verbose stack Exit status 1
14 verbose stack     at EventEmitter.<anonymous> (C:\Users\Kyle\AppData\Roaming\npm\node_modules\npm\lib\utils\lifecycle.js:279:16)
14 verbose stack     at emitTwo (events.js:87:13)
14 verbose stack     at EventEmitter.emit (events.js:172:7)
14 verbose stack     at ChildProcess.<anonymous> (C:\Users\Kyle\AppData\Roaming\npm\node_modules\npm\lib\utils\spawn.js:40:14)
14 verbose stack     at emitTwo (events.js:87:13)
14 verbose stack     at ChildProcess.emit (events.js:172:7)
14 verbose stack     at maybeClose (internal/child_process.js:829:16)
14 verbose stack     at Process.ChildProcess._handle.onexit (internal/child_process.js:211:5)
15 verbose pkgid stockapp@0.0.0
16 verbose cwd c:\Users\Kyle\Documents\GitHub\stockApp
17 error Windows_NT 6.3.9600
18 error argv "C:\\Program Files\\nodejs\\node.exe" "C:\\Users\\Kyle\\AppData\\Roaming\\npm\\node_modules\\npm\\bin\\npm-cli.js" "start"
19 error node v4.6.0
20 error npm  v4.0.2
21 error code ELIFECYCLE
22 error stockapp@0.0.0 start: `node ./bin/www`
22 error Exit status 1
23 error Failed at the stockapp@0.0.0 start script 'node ./bin/www'.
23 error Make sure you have the latest version of node.js and npm installed.
23 error If you do, this is most likely a problem with the stockapp package,
23 error not with npm itself.
23 error Tell the author that this fails on your system:
23 error     node ./bin/www
23 error You can get information on how to open an issue for this project with:
23 error     npm bugs stockapp
23 error Or if that isn't available, you can get their info via:
23 error     npm owner ls stockapp
23 error There is likely additional logging output above.
24 verbose exit [ 1, true ]
